[2014-12-17 14:21:39] /mobile/index.php?act=index ( act=index&op=index ) 
ERR: Db Error: Table 'shopwwi.shopwwi_mb_special_item' doesn't exist
SELECT * FROM `shopwwi`.`shopwwi_mb_special_item` WHERE ( special_id = '0' ) AND ( item_usable = '1' ) ORDER BY item_sort asc LIMIT 1000  
[2014-12-17 14:21:41] /mobile/index.php?act=index ( act=index&op=index ) 
ERR: Db Error: Table 'shopwwi.shopwwi_mb_special_item' doesn't exist
SELECT * FROM `shopwwi`.`shopwwi_mb_special_item` WHERE ( special_id = '0' ) AND ( item_usable = '1' ) ORDER BY item_sort asc LIMIT 1000  
[2014-12-17 14:21:58] /admin/index.php?act=dashboard&op=statistics ( act=dashboard&op=statistics ) 
ERR: Db Error: Table 'shopwwi.shopwwi_vr_refund' doesn't exist
SELECT COUNT(*) AS nc_count FROM `shopwwi`.`shopwwi_vr_refund` WHERE ( admin_state = '1' ) LIMIT 1  
[2014-12-17 14:21:58] /admin/index.php?act=dashboard&op=statistics ( act=dashboard&op=statistics ) 
ERR: Db Error: Table 'shopwwi.shopwwi_vr_order_bill' doesn't exist
SELECT COUNT(*) AS nc_count FROM `shopwwi`.`shopwwi_vr_order_bill` WHERE ( ob_state = '2' ) LIMIT 1  
[2014-12-17 14:21:58] /admin/index.php?act=dashboard&op=statistics ( act=dashboard&op=statistics ) 
ERR: Db Error: Table 'shopwwi.shopwwi_vr_order_bill' doesn't exist
SELECT COUNT(*) AS nc_count FROM `shopwwi`.`shopwwi_vr_order_bill` WHERE ( ob_state = '3' ) LIMIT 1  
[2014-12-17 14:21:58] /admin/index.php?act=dashboard&op=statistics ( act=dashboard&op=statistics ) 
ERR: Db Error: Table 'shopwwi.shopwwi_delivery_point' doesn't exist
SELECT COUNT(*) AS nc_count FROM `shopwwi`.`shopwwi_delivery_point` WHERE ( dlyp_state = '10' ) LIMIT 1  
[2014-12-17 14:22:49] /admin/index.php?act=store&op=store ( act=store&op=store ) 
ERR: Db Error: Unknown column 'is_own_shop' in 'where clause'
SELECT COUNT(*) AS nc_count FROM `shopwwi`.`shopwwi_store` WHERE ( is_own_shop = '0' ) ORDER BY store_id desc LIMIT 1  
[2014-12-17 14:22:49] /admin/index.php?act=store&op=store ( act=store&op=store ) 
ERR: Db Error: Unknown column 'is_own_shop' in 'where clause'
SELECT * FROM `shopwwi`.`shopwwi_store` WHERE ( is_own_shop = '0' ) ORDER BY store_id desc LIMIT 0,10  
[2014-12-17 14:23:13] /admin/index.php?act=delivery&op=index ( act=delivery&op=index ) 
ERR: Db Error: Table 'shopwwi.shopwwi_delivery_point' doesn't exist
SELECT COUNT(*) AS nc_count FROM `shopwwi`.`shopwwi_delivery_point` LIMIT 1  
[2014-12-17 14:23:13] /admin/index.php?act=delivery&op=index ( act=delivery&op=index ) 
ERR: Db Error: Table 'shopwwi.shopwwi_delivery_point' doesn't exist
SELECT * FROM `shopwwi`.`shopwwi_delivery_point` ORDER BY dlyp_id desc LIMIT 0,10  
[2014-12-17 14:23:30] /admin/index.php?act=stat_general&op=general ( act=stat_general&op=general ) 
ERR: Db Error: Unknown column 'is_virtual' in 'where clause'
SELECT COUNT(*) as goodsnum, SUM(IF(goods_addtime>=1418659200 and goods_addtime<=1418745599,1,0)) as newgoods FROM `shopwwi`.`shopwwi_goods` WHERE ( is_virtual = '0' ) LIMIT 1000  
[2014-12-17 14:23:49] /admin/index.php?act=store&op=store ( act=store&op=store ) 
ERR: Db Error: Unknown column 'is_own_shop' in 'where clause'
SELECT COUNT(*) AS nc_count FROM `shopwwi`.`shopwwi_store` WHERE ( is_own_shop = '0' ) ORDER BY store_id desc LIMIT 1  
[2014-12-17 14:23:49] /admin/index.php?act=store&op=store ( act=store&op=store ) 
ERR: Db Error: Unknown column 'is_own_shop' in 'where clause'
SELECT * FROM `shopwwi`.`shopwwi_store` WHERE ( is_own_shop = '0' ) ORDER BY store_id desc LIMIT 0,10  
[2014-12-17 14:23:58] /admin/index.php?act=dashboard&op=statistics ( act=dashboard&op=statistics ) 
ERR: Db Error: Table 'shopwwi.shopwwi_vr_refund' doesn't exist
SELECT COUNT(*) AS nc_count FROM `shopwwi`.`shopwwi_vr_refund` WHERE ( admin_state = '1' ) LIMIT 1  
[2014-12-17 14:23:58] /admin/index.php?act=dashboard&op=statistics ( act=dashboard&op=statistics ) 
ERR: Db Error: Table 'shopwwi.shopwwi_vr_order_bill' doesn't exist
SELECT COUNT(*) AS nc_count FROM `shopwwi`.`shopwwi_vr_order_bill` WHERE ( ob_state = '2' ) LIMIT 1  
[2014-12-17 14:23:58] /admin/index.php?act=dashboard&op=statistics ( act=dashboard&op=statistics ) 
ERR: Db Error: Table 'shopwwi.shopwwi_vr_order_bill' doesn't exist
SELECT COUNT(*) AS nc_count FROM `shopwwi`.`shopwwi_vr_order_bill` WHERE ( ob_state = '3' ) LIMIT 1  
[2014-12-17 14:23:58] /admin/index.php?act=dashboard&op=statistics ( act=dashboard&op=statistics ) 
ERR: Db Error: Table 'shopwwi.shopwwi_delivery_point' doesn't exist
SELECT COUNT(*) AS nc_count FROM `shopwwi`.`shopwwi_delivery_point` WHERE ( dlyp_state = '10' ) LIMIT 1  
[2014-12-17 14:24:02] /admin/index.php?act=store&op=store ( act=store&op=store ) 
ERR: Db Error: Unknown column 'is_own_shop' in 'where clause'
SELECT COUNT(*) AS nc_count FROM `shopwwi`.`shopwwi_store` WHERE ( is_own_shop = '0' ) ORDER BY store_id desc LIMIT 1  
[2014-12-17 14:24:02] /admin/index.php?act=store&op=store ( act=store&op=store ) 
ERR: Db Error: Unknown column 'is_own_shop' in 'where clause'
SELECT * FROM `shopwwi`.`shopwwi_store` WHERE ( is_own_shop = '0' ) ORDER BY store_id desc LIMIT 0,10  
[2014-12-17 14:24:31] /shop/index.php?act=goods&op=index&goods_id=232 ( act=goods&op=index ) 
ERR: Db Error: Table 'shopwwi.shopwwi_goods_gift' doesn't exist
SELECT * FROM `shopwwi`.`shopwwi_goods_gift` WHERE ( goods_id = '232' ) LIMIT 1000  
[2014-12-17 14:24:33] /shop/index.php?act=goods&op=get_bundling&goods_id=232 ( act=goods&op=get_bundling ) 
ERR: Db Error: Table 'shopwwi.shopwwi_goods_combo' doesn't exist
SELECT * FROM `shopwwi`.`shopwwi_goods_combo` WHERE ( goods_id = '232' ) LIMIT 1000  
[2014-12-17 14:25:32] /mobile/index.php?act=index ( act=index&op=index ) 
ERR: Db Error: Table 'shopwwi.shopwwi_mb_special_item' doesn't exist
SELECT * FROM `shopwwi`.`shopwwi_mb_special_item` WHERE ( special_id = '0' ) AND ( item_usable = '1' ) ORDER BY item_sort asc LIMIT 1000  
[2014-12-17 14:25:33] /mobile/index.php?act=index ( act=index&op=index ) 
ERR: Db Error: Table 'shopwwi.shopwwi_mb_special_item' doesn't exist
SELECT * FROM `shopwwi`.`shopwwi_mb_special_item` WHERE ( special_id = '0' ) AND ( item_usable = '1' ) ORDER BY item_sort asc LIMIT 1000  
[2014-12-17 14:40:49] /admin/index.php?act=waybill&op=waybill_list ( act=waybill&op=waybill_list ) 
ERR: Db Error: Table 'shopwwi.shopwwi_waybill' doesn't exist
SELECT COUNT(*) AS nc_count FROM `shopwwi`.`shopwwi_waybill` WHERE ( store_id = '0' ) LIMIT 1  
[2014-12-17 14:40:49] /admin/index.php?act=waybill&op=waybill_list ( act=waybill&op=waybill_list ) 
ERR: Db Error: Table 'shopwwi.shopwwi_waybill' doesn't exist
SELECT * FROM `shopwwi`.`shopwwi_waybill` WHERE ( store_id = '0' ) ORDER BY waybill_usable desc LIMIT 0,10  
